This is pdfTeX, Version 3.141592653-2.6-1.40.24 (MiKTeX 21.12) (preloaded format=pdflatex 2022.1.12)  26 APR 2023 19:38
entering extended mode
 restricted \write18 enabled.
 %&-line parsing enabled.
**./BDD.tex
(BDD.tex
LaTeX2e <2021-11-15> patch level 1
L3 programming layer <2021-11-22>
(C:\Users\Mohit\AppData\Local\Programs\MiKTeX\tex/latex/base\article.cls
Document Class: article 2021/10/04 v1.4n Standard LaTeX document class
(C:\Users\Mohit\AppData\Local\Programs\MiKTeX\tex/latex/base\size12.clo
File: size12.clo 2021/10/04 v1.4n Standard LaTeX file (size option)
)
\c@part=\count183
\c@section=\count184
\c@subsection=\count185
\c@subsubsection=\count186
\c@paragraph=\count187
\c@subparagraph=\count188
\c@figure=\count189
\c@table=\count190
\abovecaptionskip=\skip47
\belowcaptionskip=\skip48
\bibindent=\dimen138
)
(C:\Users\Mohit\AppData\Local\Programs\MiKTeX\tex/latex/graphics\graphicx.sty
Package: graphicx 2021/09/16 v1.2d Enhanced LaTeX Graphics (DPC,SPQR)

(C:\Users\Mohit\AppData\Local\Programs\MiKTeX\tex/latex/graphics\keyval.sty
Package: keyval 2014/10/28 v1.15 key=value parser (DPC)
\KV@toks@=\toks16
)
(C:\Users\Mohit\AppData\Local\Programs\MiKTeX\tex/latex/graphics\graphics.sty
Package: graphics 2021/03/04 v1.4d Standard LaTeX Graphics (DPC,SPQR)

(C:\Users\Mohit\AppData\Local\Programs\MiKTeX\tex/latex/graphics\trig.sty
Package: trig 2021/08/11 v1.11 sin cos tan (DPC)
)
(C:\Users\Mohit\AppData\Local\Programs\MiKTeX\tex/latex/graphics-cfg\graphics.c
fg
File: graphics.cfg 2016/06/04 v1.11 sample graphics configuration
)
Package graphics Info: Driver file: pdftex.def on input line 107.

(C:\Users\Mohit\AppData\Local\Programs\MiKTeX\tex/latex/graphics-def\pdftex.def
File: pdftex.def 2020/10/05 v1.2a Graphics/color driver for pdftex
))
\Gin@req@height=\dimen139
\Gin@req@width=\dimen140
) (C:\Users\Mohit\AppData\Local\Programs\MiKTeX\tex/latex/float\float.sty
Package: float 2001/11/08 v1.3d Float enhancements (AL)
\c@float@type=\count191
\float@exts=\toks17
\float@box=\box50
\@float@everytoks=\toks18
\@floatcapt=\box51
)
(C:\Users\Mohit\AppData\Local\Programs\MiKTeX\tex/latex/subfig\subfig.sty
Package: subfig 2005/06/28 ver: 1.3 subfig package

(C:\Users\Mohit\AppData\Local\Programs\MiKTeX\tex/latex/caption\caption.sty
Package: caption 2023/03/12 v3.6j Customizing captions (AR)

(C:\Users\Mohit\AppData\Local\Programs\MiKTeX\tex/latex/caption\caption3.sty
Package: caption3 2023/03/12 v2.4 caption3 kernel (AR)
\caption@tempdima=\dimen141
\captionmargin=\dimen142
\caption@leftmargin=\dimen143
\caption@rightmargin=\dimen144
\caption@width=\dimen145
\caption@indent=\dimen146
\caption@parindent=\dimen147
\caption@hangindent=\dimen148
Package caption Info: Standard document class detected.
)
\c@caption@flags=\count192
\c@continuedfloat=\count193
Package caption Info: float package is loaded.
)
\c@KVtest=\count194
\sf@farskip=\skip49
\sf@captopadj=\dimen149
\sf@capskip=\skip50
\sf@nearskip=\skip51
\c@subfigure=\count195
\c@subfigure@save=\count196
\c@lofdepth=\count197
\c@subtable=\count198
\c@subtable@save=\count199
\c@lotdepth=\count266
\sf@top=\skip52
\sf@bottom=\skip53
) (C:\Users\Mohit\AppData\Local\Programs\MiKTeX\tex/latex/caption\subcaption.st
y
Package: subcaption 2023/02/19 v1.6 Sub-captions (AR)
LaTeX Info: Redefining \subref on input line 191.
Package subcaption Info: The counter `subfigure' was already defined by
(subcaption)             \newsubfloat (offered by the subfig package) on input 
line 239.
Package subcaption Info: The counter `subtable' was already defined by
(subcaption)             \newsubfloat (offered by the subfig package) on input 
line 239.
) (C:\Users\Mohit\AppData\Local\Programs\MiKTeX\tex/latex/placeins\placeins.sty
Package: placeins 2005/04/18  v 2.2
) (C:\Users\Mohit\AppData\Local\Programs\MiKTeX\tex/latex/psfrag\psfrag.sty
Package: psfrag 1998/04/11 v3.04 PSfrag (MCG)
\pfg@pcount=\count267
\pfg@scount=\count268
\pfg@temp=\write3
)
(C:\Users\Mohit\AppData\Local\Programs\MiKTeX\tex/latex/listings\listings.sty
\lst@mode=\count269
\lst@gtempboxa=\box52
\lst@token=\toks19
\lst@length=\count270
\lst@currlwidth=\dimen150
\lst@column=\count271
\lst@pos=\count272
\lst@lostspace=\dimen151
\lst@width=\dimen152
\lst@newlines=\count273
\lst@lineno=\count274
\lst@maxwidth=\dimen153

(C:\Users\Mohit\AppData\Local\Programs\MiKTeX\tex/latex/listings\lstmisc.sty
File: lstmisc.sty 2020/03/24 1.8d (Carsten Heinz)
\c@lstnumber=\count275
\lst@skipnumbers=\count276
\lst@framebox=\box53
)
(C:\Users\Mohit\AppData\Local\Programs\MiKTeX\tex/latex/listings\listings.cfg
File: listings.cfg 2020/03/24 1.8d listings configuration
))
Package: listings 2020/03/24 1.8d (Carsten Heinz)
(C:\Users\Mohit\AppData\Local\Programs\MiKTeX\tex/latex/amsmath\amsmath.sty
Package: amsmath 2021/10/15 v2.17l AMS math features
\@mathmargin=\skip54

For additional information on amsmath, use the `?' option.
(C:\Users\Mohit\AppData\Local\Programs\MiKTeX\tex/latex/amsmath\amstext.sty
Package: amstext 2021/08/26 v2.01 AMS text

(C:\Users\Mohit\AppData\Local\Programs\MiKTeX\tex/latex/amsmath\amsgen.sty
File: amsgen.sty 1999/11/30 v2.0 generic functions
\@emptytoks=\toks20
\ex@=\dimen154
))
(C:\Users\Mohit\AppData\Local\Programs\MiKTeX\tex/latex/amsmath\amsbsy.sty
Package: amsbsy 1999/11/29 v1.2d Bold Symbols
\pmbraise@=\dimen155
)
(C:\Users\Mohit\AppData\Local\Programs\MiKTeX\tex/latex/amsmath\amsopn.sty
Package: amsopn 2021/08/26 v2.02 operator names
)
\inf@bad=\count277
LaTeX Info: Redefining \frac on input line 234.
\uproot@=\count278
\leftroot@=\count279
LaTeX Info: Redefining \overline on input line 399.
\classnum@=\count280
\DOTSCASE@=\count281
LaTeX Info: Redefining \ldots on input line 496.
LaTeX Info: Redefining \dots on input line 499.
LaTeX Info: Redefining \cdots on input line 620.
\Mathstrutbox@=\box54
\strutbox@=\box55
\big@size=\dimen156
LaTeX Font Info:    Redeclaring font encoding OML on input line 743.
LaTeX Font Info:    Redeclaring font encoding OMS on input line 744.
\macc@depth=\count282
\c@MaxMatrixCols=\count283
\dotsspace@=\muskip16
\c@parentequation=\count284
\dspbrk@lvl=\count285
\tag@help=\toks21
\row@=\count286
\column@=\count287
\maxfields@=\count288
\andhelp@=\toks22
\eqnshift@=\dimen157
\alignsep@=\dimen158
\tagshift@=\dimen159
\tagwidth@=\dimen160
\totwidth@=\dimen161
\lineht@=\dimen162
\@envbody=\toks23
\multlinegap=\skip55
\multlinetaggap=\skip56
\mathdisplay@stack=\toks24
LaTeX Info: Redefining \[ on input line 2938.
LaTeX Info: Redefining \] on input line 2939.
)
(C:\Users\Mohit\AppData\Local\Programs\MiKTeX\tex/latex/wrapfig\wrapfig.sty
\wrapoverhang=\dimen163
\WF@size=\dimen164
\c@WF@wrappedlines=\count289
\WF@box=\box56
\WF@everypar=\toks25
Package: wrapfig 2003/01/31  v 3.6
)
(C:\Users\Mohit\AppData\Local\Programs\MiKTeX\tex/latex/psnfss\helvet.sty
Package: helvet 2020/03/25 PSNFSS-v9.3 (WaS) 
)
(C:\Users\Mohit\AppData\Local\Programs\MiKTeX\tex/latex/siunitx\siunitx.sty
Package: siunitx 2022-01-05 v3.0.39 A comprehensive (SI) units package
\l__siunitx_angle_tmp_dim=\dimen165
\l__siunitx_angle_marker_box=\box57
\l__siunitx_angle_unit_box=\box58
\l__siunitx_compound_count_int=\count290

(C:\Users\Mohit\AppData\Local\Programs\MiKTeX\tex/latex/translations\translatio
ns.sty
Package: translations 2022/01/04 v1.11 internationalization of LaTeX2e packages
 (CN)

(C:\Users\Mohit\AppData\Local\Programs\MiKTeX\tex/latex/etoolbox\etoolbox.sty
Package: etoolbox 2020/10/05 v2.5k e-TeX tools for LaTeX (JAW)
\etb@tempcnta=\count291
)
(C:\Users\Mohit\AppData\Local\Programs\MiKTeX\tex/generic/pdftexcmds\pdftexcmds
.sty
Package: pdftexcmds 2020-06-27 v0.33 Utility functions of pdfTeX for LuaTeX (HO
)

(C:\Users\Mohit\AppData\Local\Programs\MiKTeX\tex/generic/infwarerr\infwarerr.s
ty
Package: infwarerr 2019/12/03 v1.5 Providing info/warning/error messages (HO)
) (C:\Users\Mohit\AppData\Local\Programs\MiKTeX\tex/generic/iftex\iftex.sty
Package: iftex 2020/03/06 v1.0d TeX engine tests
)
(C:\Users\Mohit\AppData\Local\Programs\MiKTeX\tex/generic/ltxcmds\ltxcmds.sty
Package: ltxcmds 2020-05-10 v1.25 LaTeX kernel commands for general use (HO)
)
Package pdftexcmds Info: \pdf@primitive is available.
Package pdftexcmds Info: \pdf@ifprimitive is available.
Package pdftexcmds Info: \pdfdraftmode found.
))
\l__siunitx_number_exponent_fixed_int=\count292
\l__siunitx_number_min_decimal_int=\count293
\l__siunitx_number_min_integer_int=\count294
\l__siunitx_number_round_precision_int=\count295
\l__siunitx_number_group_minimum_int=\count296
\l__siunitx_table_tmp_box=\box59
\l__siunitx_table_tmp_dim=\dimen166
\l__siunitx_table_column_width_dim=\dimen167
\l__siunitx_table_integer_box=\box60
\l__siunitx_table_decimal_box=\box61
\l__siunitx_table_before_box=\box62
\l__siunitx_table_after_box=\box63
\l__siunitx_table_before_dim=\dimen168
\l__siunitx_table_carry_dim=\dimen169
\l__siunitx_unit_tmp_int=\count297
\l__siunitx_unit_position_int=\count298
\l__siunitx_unit_total_int=\count299

(C:\Users\Mohit\AppData\Local\Programs\MiKTeX\tex/latex/l3packages/l3keys2e\l3k
eys2e.sty
(C:\Users\Mohit\AppData\Local\Programs\MiKTeX\tex/latex/l3kernel\expl3.sty
Package: expl3 2021-11-22 L3 programming layer (loader) 

(C:\Users\Mohit\AppData\Local\Programs\MiKTeX\tex/latex/l3backend\l3backend-pdf
tex.def
File: l3backend-pdftex.def 2021-10-18 L3 backend support: PDF output (pdfTeX)
\l__color_backend_stack_int=\count300
\l__pdf_internal_box=\box64
))
Package: l3keys2e 2021-11-12 LaTeX2e option processing using LaTeX3 keys
)
(C:\Users\Mohit\AppData\Local\Programs\MiKTeX\tex/latex/tools\array.sty
Package: array 2021/10/04 v2.5f Tabular extension package (FMi)
\col@sep=\dimen170
\ar@mcellbox=\box65
\extrarowheight=\dimen171
\NC@list=\toks26
\extratabsurround=\skip57
\backup@length=\skip58
\ar@cellbox=\box66
))
Package translations Info: No language package found. I am going to use `englis
h' as default language. on input line 23.

(BDD.aux)
\openout1 = `BDD.aux'.

LaTeX Font Info:    Checking defaults for OML/cmm/m/it on input line 23.
LaTeX Font Info:    ... okay on input line 23.
LaTeX Font Info:    Checking defaults for OMS/cmsy/m/n on input line 23.
LaTeX Font Info:    ... okay on input line 23.
LaTeX Font Info:    Checking defaults for OT1/cmr/m/n on input line 23.
LaTeX Font Info:    ... okay on input line 23.
LaTeX Font Info:    Checking defaults for T1/cmr/m/n on input line 23.
LaTeX Font Info:    ... okay on input line 23.
LaTeX Font Info:    Checking defaults for TS1/cmr/m/n on input line 23.
LaTeX Font Info:    ... okay on input line 23.
LaTeX Font Info:    Checking defaults for OMX/cmex/m/n on input line 23.
LaTeX Font Info:    ... okay on input line 23.
LaTeX Font Info:    Checking defaults for U/cmr/m/n on input line 23.
LaTeX Font Info:    ... okay on input line 23.

(C:\Users\Mohit\AppData\Local\Programs\MiKTeX\tex/context/base/mkii\supp-pdf.mk
ii
[Loading MPS to PDF converter (version 2006.09.02).]
\scratchcounter=\count301
\scratchdimen=\dimen172
\scratchbox=\box67
\nofMPsegments=\count302
\nofMParguments=\count303
\everyMPshowfont=\toks27
\MPscratchCnt=\count304
\MPscratchDim=\dimen173
\MPnumerator=\count305
\makeMPintoPDFobject=\count306
\everyMPtoPDFconversion=\toks28
)
(C:\Users\Mohit\AppData\Local\Programs\MiKTeX\tex/latex/epstopdf-pkg\epstopdf-b
ase.sty
Package: epstopdf-base 2020-01-24 v2.11 Base part for package epstopdf
Package epstopdf-base Info: Redefining graphics rule for `.eps' on input line 4
85.

(C:\Users\Mohit\AppData\Local\Programs\MiKTeX\tex/latex/00miktex\epstopdf-sys.c
fg
File: epstopdf-sys.cfg 2021/03/18 v2.0 Configuration of epstopdf for MiKTeX
))
Package caption Info: Begin \AtBeginDocument code.
Package caption Info: subfig package v1.3 is loaded.
Package caption Info: listings package is loaded.
Package caption Info: wrapfig package is loaded.
Package caption Info: End \AtBeginDocument code.
\c@lstlisting=\count307
 (C:\Users\Mohit\AppData\Local\Programs\MiKTeX\tex/latex/graphics\color.sty
Package: color 2021/10/11 v1.3b Standard LaTeX Color (DPC)
(C:\Users\Mohit\AppData\Local\Programs\MiKTeX\tex/latex/graphics-cfg\color.cfg
File: color.cfg 2016/01/02 v1.6 sample color configuration
)
Package color Info: Driver file: pdftex.def on input line 149.
)
(C:\Users\Mohit\AppData\Local\Programs\MiKTeX\tex/latex/translations/dicts\tran
slations-basic-dictionary-english.trsl
File: translations-basic-dictionary-english.trsl (english translation file `tra
nslations-basic-dictionary')
)
Package translations Info: loading dictionary `translations-basic-dictionary' f
or `english'. on input line 23.
<LOGO.jpeg, id=1, 1204.5pt x 1180.41pt>
File: LOGO.jpeg Graphic file (type jpg)
<use LOGO.jpeg>
Package pdftex.def Info: LOGO.jpeg  used on input line 28.
(pdftex.def)             Requested size: 240.89574pt x 236.07782pt.

Underfull \hbox (badness 10000) in paragraph at lines 41--42

 []

[1
Non-PDF special ignored!
<special> header=psfrag.pro

{C:/Users/Mohit/AppData/Local/MiKTeX/fonts/map/pdftex/pdftex.map} <./LOGO.jpeg>
]
Underfull \hbox (badness 10000) in paragraph at lines 43--44

 []


Underfull \hbox (badness 10000) in paragraph at lines 46--47

 []


Overfull \hbox (178.10028pt too wide) in paragraph at lines 97--97
[]\OT1/cmtt/m/n/12 C = bdd_or(bddm, bdd_and(bddm, C, bdd_or(bddm, X[i], X[i+4])
), bdd_and(bddm, X[i], X[i+4]));[] 
 []

[2]
Overfull \hbox (202.8003pt too wide) in paragraph at lines 97--97
[]\OT1/cmtt/m/n/12 kai = bdd_and(bddm, kai, bdd_xnor(bddm, S[i], Y[i])); //Char
acteristic function to be used later[] 
 []


Overfull \hbox (171.92528pt too wide) in paragraph at lines 97--97
[]\OT1/cmtt/m/n/12 x_space = bdd_and(bddm, x_space, x2_space); //XOR of both x1
x2x3x4 and x5x6x7x8 should be 1[] 
 []


Overfull \hbox (134.87526pt too wide) in paragraph at lines 97--97
[]\OT1/cmtt/m/n/12 printf("Question 1: Image of odd number of high bits in both
 inputs and output\n\n");[] 
 []


Underfull \hbox (badness 10000) in paragraph at lines 100--101

 []

[3] [4]
Underfull \hbox (badness 10000) in paragraph at lines 151--154

 []


Underfull \hbox (badness 10000) in paragraph at lines 155--156

 []


Underfull \hbox (badness 10000) in paragraph at lines 159--160

 []


Overfull \hbox (48.42522pt too wide) in paragraph at lines 178--178
[]\OT1/cmtt/m/n/12 y_space = bdd_xor(bddm, y_space, Y[i]); //XOR of y1y2y3y4y5 
should be 1[] 
 []


Underfull \hbox (badness 10000) in paragraph at lines 181--182

 []

[5] [6] [7] [8]
Underfull \hbox (badness 10000) in paragraph at lines 303--304

 []


Underfull \hbox (badness 10000) in paragraph at lines 305--306

 []


Underfull \hbox (badness 10000) in paragraph at lines 308--309

 []


Overfull \hbox (48.42522pt too wide) in paragraph at lines 355--355
[]\OT1/cmtt/m/n/12 bdd pi1, pi2, pi3, pi4; //Taking all prime implicants for pr
ime numbers[] 
 []


Overfull \hbox (190.45029pt too wide) in paragraph at lines 355--355
[]\OT1/cmtt/m/n/12 pi1 = bdd_and(bddm, X[4*i], bdd_and(bddm, X[4*i+1], bdd_not(
bddm, X[4*i+3]))); //x0 & x1 & ~x3[] 
 []


Overfull \hbox (301.60034pt too wide) in paragraph at lines 355--355
[]\OT1/cmtt/m/n/12 pi2 = bdd_and(bddm, X[4*i+1], bdd_and(bddm, bdd_not(bddm, X[
4*i+2]), bdd_not(bddm, X[4*i+3]))); //x1 & ~x2 & ~x3[] 
 []


Overfull \hbox (190.45029pt too wide) in paragraph at lines 355--355
[]\OT1/cmtt/m/n/12 pi3 = bdd_and(bddm, X[4*i], bdd_and(bddm, X[4*i+2], bdd_not(
bddm, X[4*i+1]))); //x0 & ~x1 & x2[] 
 []


Overfull \hbox (190.45029pt too wide) in paragraph at lines 355--355
[]\OT1/cmtt/m/n/12 pi4 = bdd_and(bddm, X[4*i], bdd_and(bddm, X[4*i+1], bdd_not(
bddm, X[4*i+2]))); //x0 & x1 & ~x2[] 
 []


Overfull \hbox (246.02531pt too wide) in paragraph at lines 355--355
[]\OT1/cmtt/m/n/12 prime_space = bdd_and(bddm, prime_space, bdd_or(bddm, bdd_or
(bddm, pi1, pi2), bdd_or(bddm, pi3, pi4)));[] 
 []


Overfull \hbox (523.90045pt too wide) in paragraph at lines 355--355
[]\OT1/cmtt/m/n/12 bdd y_even = bdd_and(bddm, bdd_and(bddm, bdd_not(bddm, Y[4])
, bdd_or(bddm, Y[3], Y[2])), bdd_not(bddm, Y[0])); //Carry bit = 0, y3 or y2 = 
1, y0 = 1[] 
 []

[9]
Overfull \hbox (29.9002pt too wide) in paragraph at lines 355--355
[]\OT1/cmtt/m/n/12 bdd y_prime_img = bdd_exists(bddm, bdd_and(bddm, prime_space
, kai));[] 
 []


Overfull \hbox (36.07521pt too wide) in paragraph at lines 355--355
[]\OT1/cmtt/m/n/12 printf("----------------------------------------------------
----\n");[] 
 []


Overfull \hbox (36.07521pt too wide) in paragraph at lines 355--355
[]\OT1/cmtt/m/n/12 printf("----------------------------------------------------
----\n");[] 
 []


Overfull \hbox (36.07521pt too wide) in paragraph at lines 355--355
[]\OT1/cmtt/m/n/12 printf("----------------------------------------------------
----\n");[] 
 []


Overfull \hbox (184.27528pt too wide) in paragraph at lines 355--355
[]\OT1/cmtt/m/n/12 printf("BDD for the intersection between the even numbers an
d the image of prime numbers\n");[] 
 []


Overfull \hbox (116.35025pt too wide) in paragraph at lines 355--355
[]\OT1/cmtt/m/n/12 bdd_print_bdd(bddm, bdd_and(bddm, y_even, y_prime_img), NULL
, NULL, NULL, stdout);[] 
 []


Overfull \hbox (36.07521pt too wide) in paragraph at lines 355--355
[]\OT1/cmtt/m/n/12 printf("----------------------------------------------------
----\n");[] 
 []


Overfull \hbox (1005.55069pt too wide) in paragraph at lines 355--355
[]\OT1/cmtt/m/n/12 printf("Both BDDs are the same, hence, the even numbers are 
a subset of the image of the sub-domain of both 4-bit numbers being prime numbe
rs. So, all even numbers greater than 2 are a sum of 2 prime numbers. Hence Pro
ved\n");[] 
 []


Underfull \hbox (badness 10000) in paragraph at lines 358--359

 []

[10]
Underfull \hbox (badness 10000) in paragraph at lines 399--400

 []

[11]
Underfull \hbox (badness 10000) in paragraph at lines 420--421

 []

[12] [13] (BDD.aux) ) 
Here is how much of TeX's memory you used:
 9290 strings out of 478659
 202005 string characters out of 2845920
 469427 words of memory out of 3000000
 27323 multiletter control sequences out of 15000+600000
 409892 words of font info for 50 fonts, out of 8000000 for 9000
 1141 hyphenation exceptions out of 8191
 71i,7n,79p,249b,512s stack positions out of 5000i,500n,10000p,200000b,80000s
<C:/Users/Mohit/AppData/Local/Programs/MiKTeX/fonts/type1/
public/amsfonts/cm/cmbx12.pfb><C:/Users/Mohit/AppData/Local/Programs/MiKTeX/fon
ts/type1/public/amsfonts/cm/cmr12.pfb><C:/Users/Mohit/AppData/Local/Programs/Mi
KTeX/fonts/type1/public/amsfonts/cm/cmr17.pfb><C:/Users/Mohit/AppData/Local/Pro
grams/MiKTeX/fonts/type1/public/amsfonts/cm/cmtt12.pfb>
Output written on BDD.pdf (13 pages, 285164 bytes).
PDF statistics:
 66 PDF objects out of 1000 (max. 8388607)
 0 named destinations out of 1000 (max. 500000)
 6 words of extra memory for PDF output out of 10000 (max. 10000000)

